{"logTime": "0514/085041", "correlationVector":"gpm69NxNnctxqpe5uUuYtE","action":"SyncServerConnectionManagerRequest", "result":"SYNC_SERVER_OK", "context":{"environment":"", "migrationStage":"", "server":""}}
{"logTime": "0514/085041", "correlationVector":"NTqisfqzDQUrrVRe4dEwde.1","action":"SyncServerConnectionManagerRequest", "result":"SYNC_SERVER_OK", "context":{"environment":"Prod_NorthEurope_000h", "migrationStage":"NotStarted", "server":"GENERAL01000010"}}
{"logTime": "0514/085042", "correlationVector":"NTqisfqzDQUrrVRe4dEwde","action":"Initial GetUpdates", "result":"", "context":Reason: NEW_CLIENT. cV=NTqisfqzDQUrrVRe4dEwde}
{"logTime": "0514/085042", "correlationVector":"NTqisfqzDQUrrVRe4dEwde.2","action":"GetUpdates Response", "result":"Success", "context":Received 1 update(s). cV=NTqisfqzDQUrrVRe4dEwde.0;server=GENERAL01000010;cloudType=Consumer;environment=Prod_NorthEurope_000h;migrationStage=NotStarted}
{"logTime": "0514/085042", "correlationVector":"Pp+MTcxF6afkqy4EkBu3iC","action":"Normal GetUpdate request", "result":"", "context":cV=Pp+MTcxF6afkqy4EkBu3iC
Refresh requested types: Encryption Keys}
{"logTime": "0514/085042", "correlationVector":"Pp+MTcxF6afkqy4EkBu3iC.1","action":"SyncServerConnectionManagerRequest", "result":"SYNC_SERVER_OK", "context":{"environment":"Prod_WestEurope_000l", "migrationStage":"NotStarted", "server":"GENERAL0300000N"}}
{"logTime": "0514/085042", "correlationVector":"Pp+MTcxF6afkqy4EkBu3iC.2","action":"GetUpdates Response", "result":"Success", "context":Received 0 update(s). cV=Pp+MTcxF6afkqy4EkBu3iC.0;server=GENERAL0300000N;cloudType=Consumer;environment=Prod_WestEurope_000l;migrationStage=NotStarted}
{"logTime": "0514/085541", "correlationVector":"EbmEJJgs+y61o16uhvcxbZ","action":"Normal GetUpdate request", "result":"", "context":cV=EbmEJJgs+y61o16uhvcxbZ
Refresh requested types: Encryption Keys}
{"logTime": "0514/085542", "correlationVector":"EbmEJJgs+y61o16uhvcxbZ.1","action":"SyncServerConnectionManagerRequest", "result":"SYNC_SERVER_OK", "context":{"environment":"Prod_NorthEurope_000h", "migrationStage":"NotStarted", "server":"GENERAL01000009"}}
{"logTime": "0514/085542", "correlationVector":"EbmEJJgs+y61o16uhvcxbZ.2","action":"GetUpdates Response", "result":"Success", "context":Received 0 update(s). cV=EbmEJJgs+y61o16uhvcxbZ.0;server=GENERAL01000009;cloudType=Consumer;environment=Prod_NorthEurope_000h;migrationStage=NotStarted}
{"logTime": "0514/091313", "correlationVector":"4mmihpaHH0SxP1+2jNfBrI.1","action":"SyncServerConnectionManagerRequest", "result":"SYNC_SERVER_OK", "context":{"environment":"Prod_NorthEurope_000h", "migrationStage":"NotStarted", "server":"GENERAL0100001T"}}
{"logTime": "0514/091313", "correlationVector":"4mmihpaHH0SxP1+2jNfBrI","action":"Initial GetUpdates", "result":"", "context":Reason: NEW_CLIENT. cV=4mmihpaHH0SxP1+2jNfBrI}
{"logTime": "0514/091313", "correlationVector":"4mmihpaHH0SxP1+2jNfBrI.2","action":"GetUpdates Response", "result":"Success", "context":Received 1 update(s). cV=4mmihpaHH0SxP1+2jNfBrI.0;server=GENERAL0100001T;cloudType=Consumer;environment=Prod_NorthEurope_000h;migrationStage=NotStarted}
{"logTime": "0514/091313", "correlationVector":"C42J7fwM+P3wqO8c8es3gn","action":"Initial GetUpdates", "result":"", "context":Reason: PROGRAMMATIC. cV=C42J7fwM+P3wqO8c8es3gn}
{"logTime": "0514/091313", "correlationVector":"C42J7fwM+P3wqO8c8es3gn.1","action":"SyncServerConnectionManagerRequest", "result":"SYNC_SERVER_OK", "context":{"environment":"Prod_WestEurope_x00e", "migrationStage":"NotStarted", "server":"GENERAL0100000B"}}
{"logTime": "0514/091313", "correlationVector":"C42J7fwM+P3wqO8c8es3gn.2","action":"GetUpdates Response", "result":"Success", "context":Received 7 update(s). cV=C42J7fwM+P3wqO8c8es3gn.0;server=GENERAL0100000B;cloudType=Consumer;environment=Prod_WestEurope_x00e;migrationStage=NotStarted}
{"logTime": "0514/091313", "correlationVector":"+KnbQO2C1EYgEY4XYHFx51","action":"Initial GetUpdates", "result":"", "context":Reason: PROGRAMMATIC. cV=+KnbQO2C1EYgEY4XYHFx51}
{"logTime": "0514/091313", "correlationVector":"+KnbQO2C1EYgEY4XYHFx51.1","action":"SyncServerConnectionManagerRequest", "result":"SYNC_SERVER_OK", "context":{"environment":"Prod_WestEurope_x00e", "migrationStage":"NotStarted", "server":"GENERAL0100002A"}}
{"logTime": "0514/091313", "correlationVector":"+KnbQO2C1EYgEY4XYHFx51.2","action":"GetUpdates Response", "result":"Success", "context":Received 11 update(s). cV=+KnbQO2C1EYgEY4XYHFx51.0;server=GENERAL0100002A;cloudType=Consumer;environment=Prod_WestEurope_x00e;migrationStage=NotStarted}
{"logTime": "0514/091313", "correlationVector":"4I2qJfNIJo5PnlrWHxJZF5","action":"Initial GetUpdates", "result":"", "context":Reason: PROGRAMMATIC. cV=4I2qJfNIJo5PnlrWHxJZF5}
{"logTime": "0514/091313", "correlationVector":"4I2qJfNIJo5PnlrWHxJZF5.1","action":"SyncServerConnectionManagerRequest", "result":"SYNC_SERVER_OK", "context":{"environment":"Prod_NorthEurope_000h", "migrationStage":"NotStarted", "server":"GENERAL01000020"}}
{"logTime": "0514/091313", "correlationVector":"4I2qJfNIJo5PnlrWHxJZF5.2","action":"GetUpdates Response", "result":"Success", "context":Received 11 update(s). cV=4I2qJfNIJo5PnlrWHxJZF5.0;server=GENERAL01000020;cloudType=Consumer;environment=Prod_NorthEurope_000h;migrationStage=NotStarted}
{"logTime": "0514/091313", "correlationVector":"xu4jtAuvkeh/A9YClVCxoF","action":"Normal GetUpdate request", "result":"", "context":cV=xu4jtAuvkeh/A9YClVCxoF
Refresh requested types: Bookmarks, Passwords, Autofill Profiles, Autofill, Typed URLs, Edge Wallet, Encryption Keys}
{"logTime": "0514/091313", "correlationVector":"xu4jtAuvkeh/A9YClVCxoF.1","action":"SyncServerConnectionManagerRequest", "result":"SYNC_SERVER_OK", "context":{"environment":"Prod_NorthEurope_000h", "migrationStage":"NotStarted", "server":"GENERAL0100001Z"}}
{"logTime": "0514/091313", "correlationVector":"xu4jtAuvkeh/A9YClVCxoF.2","action":"GetUpdates Response", "result":"Success", "context":Received 0 update(s). cV=xu4jtAuvkeh/A9YClVCxoF.0;server=GENERAL0100001Z;cloudType=Consumer;environment=Prod_NorthEurope_000h;migrationStage=NotStarted}
{"logTime": "0514/091727", "correlationVector":"rK81XnJakzx1WiCXfjZCWj","action":"SyncServerConnectionManagerRequest", "result":"SYNC_SERVER_ERROR", "context":{"environment":"", "error_type":"http_status_code", "error_value":"400", "migrationStage":"", "server":""}}
{"logTime": "0514/091727", "correlationVector":"pdkOAcJhd59Hg3we5PbD81","action":"Normal GetUpdate request", "result":"", "context":cV=pdkOAcJhd59Hg3we5PbD81
Refresh requested types: Bookmarks, Passwords, Autofill Profiles, Autofill, Typed URLs, Edge Wallet, Encryption Keys}
{"logTime": "0514/091727", "correlationVector":"pdkOAcJhd59Hg3we5PbD81.1","action":"SyncServerConnectionManagerRequest", "result":"SYNC_SERVER_OK", "context":{"environment":"Prod_NorthEurope_x00f", "migrationStage":"NotStarted", "server":"GENERAL0100002J"}}
{"logTime": "0514/091727", "correlationVector":"pdkOAcJhd59Hg3we5PbD81.2","action":"GetUpdates Response", "result":"Success", "context":Received 0 update(s). cV=pdkOAcJhd59Hg3we5PbD81.0;server=GENERAL0100002J;cloudType=Consumer;environment=Prod_NorthEurope_x00f;migrationStage=NotStarted}
{"logTime": "0514/101500", "correlationVector":"WeJFxljcvbnBdvpfD6lMqM.1","action":"SyncServerConnectionManagerRequest", "result":"SYNC_SERVER_OK", "context":{"environment":"Prod_NorthEurope_x00f", "migrationStage":"NotStarted", "server":"GENERAL01000004"}}
{"logTime": "0514/101500", "correlationVector":"WeJFxljcvbnBdvpfD6lMqM","action":"Initial GetUpdates", "result":"", "context":Reason: NEW_CLIENT. cV=WeJFxljcvbnBdvpfD6lMqM}
{"logTime": "0514/101500", "correlationVector":"WeJFxljcvbnBdvpfD6lMqM.2","action":"GetUpdates Response", "result":"Success", "context":Received 1 update(s). cV=WeJFxljcvbnBdvpfD6lMqM.0;server=GENERAL01000004;cloudType=Consumer;environment=Prod_NorthEurope_x00f;migrationStage=NotStarted}
{"logTime": "0514/101500", "correlationVector":"8nclo7Bp3qxZKafIi8d4sM","action":"Initial GetUpdates", "result":"", "context":Reason: PROGRAMMATIC. cV=8nclo7Bp3qxZKafIi8d4sM}
{"logTime": "0514/101500", "correlationVector":"8nclo7Bp3qxZKafIi8d4sM.1","action":"SyncServerConnectionManagerRequest", "result":"SYNC_SERVER_OK", "context":{"environment":"Prod_NorthEurope_x00f", "migrationStage":"NotStarted", "server":"GENERAL01000013"}}
{"logTime": "0514/101500", "correlationVector":"8nclo7Bp3qxZKafIi8d4sM.2","action":"GetUpdates Response", "result":"Success", "context":Received 7 update(s). cV=8nclo7Bp3qxZKafIi8d4sM.0;server=GENERAL01000013;cloudType=Consumer;environment=Prod_NorthEurope_x00f;migrationStage=NotStarted}
{"logTime": "0514/101500", "correlationVector":"mWSbS8sA922zw6cOu1zQcB","action":"Initial GetUpdates", "result":"", "context":Reason: PROGRAMMATIC. cV=mWSbS8sA922zw6cOu1zQcB}
{"logTime": "0514/101500", "correlationVector":"mWSbS8sA922zw6cOu1zQcB.1","action":"SyncServerConnectionManagerRequest", "result":"SYNC_SERVER_OK", "context":{"environment":"Prod_NorthEurope_x00f", "migrationStage":"NotStarted", "server":"GENERAL01000007"}}
{"logTime": "0514/101500", "correlationVector":"mWSbS8sA922zw6cOu1zQcB.2","action":"GetUpdates Response", "result":"Success", "context":Received 7 update(s). cV=mWSbS8sA922zw6cOu1zQcB.0;server=GENERAL01000007;cloudType=Consumer;environment=Prod_NorthEurope_x00f;migrationStage=NotStarted}
{"logTime": "0514/101500", "correlationVector":"y8W9MJDSegjWNx2UAvuKHs","action":"Normal GetUpdate request", "result":"", "context":cV=y8W9MJDSegjWNx2UAvuKHs
Refresh requested types: Bookmarks, Passwords, Autofill Profiles, Autofill, Typed URLs, Edge Wallet, Encryption Keys}
{"logTime": "0514/101500", "correlationVector":"y8W9MJDSegjWNx2UAvuKHs.1","action":"SyncServerConnectionManagerRequest", "result":"SYNC_SERVER_OK", "context":{"environment":"Prod_NorthEurope_x00f", "migrationStage":"NotStarted", "server":"GENERAL0100001P"}}
{"logTime": "0514/101500", "correlationVector":"y8W9MJDSegjWNx2UAvuKHs.2","action":"GetUpdates Response", "result":"Success", "context":Received 0 update(s). cV=y8W9MJDSegjWNx2UAvuKHs.0;server=GENERAL0100001P;cloudType=Consumer;environment=Prod_NorthEurope_x00f;migrationStage=NotStarted}
